Building DAG of jobs...
Your conda installation is not configured to use strict channel priorities. This is however crucial for having robust and correct environments (for details, see https://conda-forge.org/docs/user/tipsandtricks.html). Please consider to configure strict priorities by executing 'conda config --set channel_priority strict'.
Using shell: /bin/bash
Provided cores: 1 (use --cores to define parallelism)
Rules claiming more threads will be scaled down.
Job stats:
job               count
--------------  -------
all                   1
tRNAscan              1
tRNAscan_stats        1
total                 3

Select jobs to execute...

[Thu Dec 21 21:42:47 2023]
rule tRNAscan_stats:
    input: resource/G_intestinalis.fasta
    output: output/G_intestinalis.stats, output/G_intestinalis.tRNA
    jobid: 2
    reason: Updated input files: resource/G_intestinalis.fasta
    resources: tmpdir=/var/folders/zd/q6hs8wp95bzghfwd0ynkkpc00000gn/T

/Users/melisanuralparslan/anaconda3/envs/snakemake/bin/python3.11 /Users/melisanuralparslan/PycharmProjects/Miuul/.snakemake/scripts/tmpg9iglvvw.tRNAscan_stats.py
Activating conda environment: .snakemake/conda/a59193c79cc8ed6a25f968a763986cc9_
[Thu Dec 21 21:43:04 2023]
Finished job 2.
1 of 3 steps (33%) done
Select jobs to execute...

[Thu Dec 21 21:43:04 2023]
rule tRNAscan:
    input: resource/G_intestinalis.fasta
    output: output/tRNA_scan_result.txt
    jobid: 1
    reason: Missing output files: output/tRNA_scan_result.txt
    resources: tmpdir=/var/folders/zd/q6hs8wp95bzghfwd0ynkkpc00000gn/T

bash scripts/tRNAscan.sh resource/G_intestinalis.fasta output/tRNA_scan_result.txt
[Thu Dec 21 21:44:36 2023]
Error in rule tRNAscan:
    jobid: 1
    input: resource/G_intestinalis.fasta
    output: output/tRNA_scan_result.txt
    shell:
        bash scripts/tRNAscan.sh resource/G_intestinalis.fasta output/tRNA_scan_result.txt
        (one of the commands exited with non-zero exit code; note that snakemake uses bash strict mode!)

Shutting down, this might take some time.
Exiting because a job execution failed. Look above for error message
Complete log: .snakemake/log/2023-12-21T214245.719242.snakemake.log
