Building DAG of jobs...
Retrieving input from storage.
Using shell: /bin/bash
Provided cores: 1 (use --cores to define parallelism)
Rules claiming more threads will be scaled down.
Job stats:
job         count
--------  -------
all             1
tRNAscan        1
total           2

Select jobs to execute...
Execute 1 jobs...

[Thu Dec 21 21:11:30 2023]
localrule tRNAscan:
    input: resource/G_intestinalis.fasta
    output: output/tRNA_scan_result.txt
    jobid: 1
    reason: Missing output files: output/tRNA_scan_result.txt
    resources: tmpdir=/var/folders/zd/q6hs8wp95bzghfwd0ynkkpc00000gn/T

bash scripts/run_tRNAscan.sh resource/G_intestinalis.fasta output/tRNA_scan_result.txt
[Thu Dec 21 21:11:31 2023]
Error in rule tRNAscan:
    jobid: 1
    input: resource/G_intestinalis.fasta
    output: output/tRNA_scan_result.txt
    shell:
        bash scripts/run_tRNAscan.sh resource/G_intestinalis.fasta output/tRNA_scan_result.txt
        (one of the commands exited with non-zero exit code; note that snakemake uses bash strict mode!)

Shutting down, this might take some time.
Exiting because a job execution failed. Look above for error message
Complete log: .snakemake/log/2023-12-21T211130.596578.snakemake.log
WorkflowError:
At least one job did not complete successfully.
