Building DAG of jobs...
Your conda installation is not configured to use strict channel priorities. This is however crucial for having robust and correct environments (for details, see https://conda-forge.org/docs/user/tipsandtricks.html). Please consider to configure strict priorities by executing 'conda config --set channel_priority strict'.
Creating conda environment env/env.yaml...
Downloading and installing remote packages.
Environment for /Users/melisanuralparslan/PycharmProjects/Miuul/env/env.yaml created (location: .snakemake/conda/25ffc8cb9d69ced7a0049fc62302f1e6_)
Retrieving input from storage.
Using shell: /bin/bash
Provided cores: 1 (use --cores to define parallelism)
Rules claiming more threads will be scaled down.
Job stats:
job                        count
-----------------------  -------
all                            1
tRNAscan_stats_wildcard        2
total                          3

Select jobs to execute...
Execute 1 jobs...

[Mon Jan  8 22:37:49 2024]
localrule tRNAscan_stats_wildcard:
    input: resource/Genome/G_muris.fasta
    output: output/tRNAscan/G_muris.tRNA, output/tRNAscan/G_muris.stats
    jobid: 1
    reason: Missing output files: output/tRNAscan/G_muris.tRNA
    wildcards: genome=G_muris
    resources: tmpdir=/var/folders/zd/q6hs8wp95bzghfwd0ynkkpc00000gn/T

Activating conda environment: .snakemake/conda/25ffc8cb9d69ced7a0049fc62302f1e6_
[Mon Jan  8 22:39:56 2024]
Finished job 1.
1 of 3 steps (33%) done
Select jobs to execute...
Execute 1 jobs...

[Mon Jan  8 22:39:56 2024]
localrule tRNAscan_stats_wildcard:
    input: resource/Genome/G_intestinalis.fasta
    output: output/tRNAscan/G_intestinalis.tRNA, output/tRNAscan/G_intestinalis.stats
    jobid: 2
    reason: Missing output files: output/tRNAscan/G_intestinalis.tRNA
    wildcards: genome=G_intestinalis
    resources: tmpdir=/var/folders/zd/q6hs8wp95bzghfwd0ynkkpc00000gn/T

Activating conda environment: .snakemake/conda/25ffc8cb9d69ced7a0049fc62302f1e6_
[Mon Jan  8 22:40:14 2024]
Finished job 2.
2 of 3 steps (67%) done
Select jobs to execute...
Execute 1 jobs...

[Mon Jan  8 22:40:14 2024]
localrule all:
    input: output/tRNAscan/G_muris.tRNA, output/tRNAscan/G_intestinalis.tRNA
    jobid: 0
    reason: Input files updated by another job: output/tRNAscan/G_intestinalis.tRNA, output/tRNAscan/G_muris.tRNA
    resources: tmpdir=/var/folders/zd/q6hs8wp95bzghfwd0ynkkpc00000gn/T

[Mon Jan  8 22:40:14 2024]
Finished job 0.
3 of 3 steps (100%) done
Complete log: .snakemake/log/2024-01-08T223712.033359.snakemake.log
